<wide>
  <reg>
    <a/>
    <b/>
  </reg>
</wide>