<wide>
  <reg name="1">
    <a>
      <c/>
    </a>
    <b/>
  </reg>
  <reg name="2">
    <c/>
  </reg>
</wide>